<?xml version="1.0" encoding="UTF-8"?>
<coverage generated="1675725985603" clover="3.2.0">
  <project timestamp="1675725985604" name="All files">
    <metrics statements="108" coveredstatements="87" conditionals="80" coveredconditionals="67" methods="21" coveredmethods="21" elements="209" coveredelements="175" complexity="0" loc="108" ncloc="108" packages="1" files="2" classes="2"/>
    <file name="routes.js" path="/Users/jakearney/Documents/CIS450/HW2_student/server/routes.js">
      <metrics statements="90" coveredstatements="69" conditionals="80" coveredconditionals="67" methods="20" coveredmethods="20"/>
      <line num="1" count="1" type="stmt"/>
      <line num="2" count="1" type="stmt"/>
      <line num="6" count="1" type="stmt"/>
      <line num="13" count="1" type="cond" truecount="1" falsecount="1"/>
      <line num="20" count="1" type="stmt"/>
      <line num="22" count="2" type="stmt"/>
      <line num="23" count="2" type="stmt"/>
      <line num="27" count="2" type="cond" truecount="2" falsecount="0"/>
      <line num="29" count="1" type="stmt"/>
      <line num="30" count="1" type="cond" truecount="1" falsecount="1"/>
      <line num="32" count="1" type="stmt"/>
      <line num="35" count="0" type="stmt"/>
      <line num="40" count="1" type="stmt"/>
      <line num="44" count="1" type="cond" truecount="1" falsecount="1"/>
      <line num="48" count="1" type="stmt"/>
      <line num="55" count="1" type="cond" truecount="3" falsecount="1"/>
      <line num="58" count="0" type="stmt"/>
      <line num="59" count="0" type="stmt"/>
      <line num="65" count="1" type="stmt"/>
      <line num="78" count="1" type="stmt"/>
      <line num="81" count="1" type="stmt"/>
      <line num="86" count="1" type="cond" truecount="3" falsecount="1"/>
      <line num="87" count="0" type="stmt"/>
      <line num="88" count="0" type="stmt"/>
      <line num="90" count="1" type="stmt"/>
      <line num="96" count="1" type="stmt"/>
      <line num="98" count="1" type="stmt"/>
      <line num="103" count="1" type="cond" truecount="3" falsecount="1"/>
      <line num="104" count="0" type="stmt"/>
      <line num="105" count="0" type="stmt"/>
      <line num="107" count="1" type="stmt"/>
      <line num="113" count="1" type="stmt"/>
      <line num="116" count="1" type="stmt"/>
      <line num="121" count="1" type="cond" truecount="3" falsecount="1"/>
      <line num="122" count="0" type="stmt"/>
      <line num="123" count="0" type="stmt"/>
      <line num="125" count="1" type="stmt"/>
      <line num="131" count="1" type="stmt"/>
      <line num="133" count="1" type="stmt"/>
      <line num="139" count="1" type="cond" truecount="3" falsecount="1"/>
      <line num="140" count="0" type="stmt"/>
      <line num="141" count="0" type="stmt"/>
      <line num="143" count="1" type="stmt"/>
      <line num="153" count="1" type="stmt"/>
      <line num="154" count="3" type="stmt"/>
      <line num="156" count="3" type="cond" truecount="2" falsecount="0"/>
      <line num="158" count="3" type="cond" truecount="2" falsecount="0"/>
      <line num="161" count="1" type="stmt"/>
      <line num="166" count="1" type="cond" truecount="3" falsecount="1"/>
      <line num="167" count="0" type="stmt"/>
      <line num="168" count="0" type="stmt"/>
      <line num="170" count="1" type="stmt"/>
      <line num="176" count="2" type="stmt"/>
      <line num="182" count="2" type="cond" truecount="3" falsecount="1"/>
      <line num="183" count="0" type="stmt"/>
      <line num="184" count="0" type="stmt"/>
      <line num="186" count="2" type="stmt"/>
      <line num="193" count="1" type="stmt"/>
      <line num="196" count="3" type="stmt"/>
      <line num="197" count="3" type="cond" truecount="2" falsecount="0"/>
      <line num="198" count="3" type="cond" truecount="2" falsecount="0"/>
      <line num="199" count="1" type="stmt"/>
      <line num="205" count="1" type="cond" truecount="3" falsecount="1"/>
      <line num="206" count="0" type="stmt"/>
      <line num="207" count="0" type="stmt"/>
      <line num="209" count="1" type="stmt"/>
      <line num="215" count="2" type="stmt"/>
      <line num="222" count="2" type="cond" truecount="3" falsecount="1"/>
      <line num="223" count="0" type="stmt"/>
      <line num="224" count="0" type="stmt"/>
      <line num="226" count="2" type="stmt"/>
      <line num="233" count="1" type="stmt"/>
      <line num="236" count="2" type="cond" truecount="2" falsecount="0"/>
      <line num="237" count="2" type="cond" truecount="2" falsecount="0"/>
      <line num="238" count="2" type="cond" truecount="2" falsecount="0"/>
      <line num="239" count="2" type="cond" truecount="2" falsecount="0"/>
      <line num="240" count="2" type="cond" truecount="2" falsecount="0"/>
      <line num="241" count="2" type="cond" truecount="2" falsecount="0"/>
      <line num="242" count="2" type="cond" truecount="2" falsecount="0"/>
      <line num="243" count="2" type="cond" truecount="2" falsecount="0"/>
      <line num="244" count="2" type="cond" truecount="2" falsecount="0"/>
      <line num="245" count="2" type="cond" truecount="2" falsecount="0"/>
      <line num="246" count="2" type="cond" truecount="2" falsecount="0"/>
      <line num="247" count="2" type="cond" truecount="2" falsecount="0"/>
      <line num="249" count="2" type="stmt"/>
      <line num="267" count="2" type="cond" truecount="3" falsecount="1"/>
      <line num="268" count="0" type="stmt"/>
      <line num="269" count="0" type="stmt"/>
      <line num="271" count="2" type="stmt"/>
      <line num="276" count="1" type="stmt"/>
    </file>
    <file name="server.js" path="/Users/jakearney/Documents/CIS450/HW2_student/server/server.js">
      <metrics statements="18" coveredstatements="18" conditionals="0" coveredconditionals="0" methods="1" coveredmethods="1"/>
      <line num="1" count="1" type="stmt"/>
      <line num="2" count="1" type="stmt"/>
      <line num="3" count="1" type="stmt"/>
      <line num="4" count="1" type="stmt"/>
      <line num="6" count="1" type="stmt"/>
      <line num="7" count="1" type="stmt"/>
      <line num="13" count="1" type="stmt"/>
      <line num="14" count="1" type="stmt"/>
      <line num="15" count="1" type="stmt"/>
      <line num="16" count="1" type="stmt"/>
      <line num="17" count="1" type="stmt"/>
      <line num="18" count="1" type="stmt"/>
      <line num="19" count="1" type="stmt"/>
      <line num="20" count="1" type="stmt"/>
      <line num="21" count="1" type="stmt"/>
      <line num="23" count="1" type="stmt"/>
      <line num="24" count="1" type="stmt"/>
      <line num="27" count="1" type="stmt"/>
    </file>
  </project>
</coverage>
