TN:
SF:routes.js
FN:13,(anonymous_0)
FN:20,(anonymous_1)
FN:40,(anonymous_2)
FN:54,(anonymous_3)
FN:78,(anonymous_4)
FN:85,(anonymous_5)
FN:96,(anonymous_6)
FN:102,(anonymous_7)
FN:113,(anonymous_8)
FN:120,(anonymous_9)
FN:131,(anonymous_10)
FN:138,(anonymous_11)
FN:153,(anonymous_12)
FN:165,(anonymous_13)
FN:181,(anonymous_14)
FN:193,(anonymous_15)
FN:204,(anonymous_16)
FN:221,(anonymous_17)
FN:233,(anonymous_18)
FN:266,(anonymous_19)
FNF:20
FNH:20
FNDA:1,(anonymous_0)
FNDA:2,(anonymous_1)
FNDA:1,(anonymous_2)
FNDA:1,(anonymous_3)
FNDA:1,(anonymous_4)
FNDA:1,(anonymous_5)
FNDA:1,(anonymous_6)
FNDA:1,(anonymous_7)
FNDA:1,(anonymous_8)
FNDA:1,(anonymous_9)
FNDA:1,(anonymous_10)
FNDA:1,(anonymous_11)
FNDA:3,(anonymous_12)
FNDA:1,(anonymous_13)
FNDA:2,(anonymous_14)
FNDA:3,(anonymous_15)
FNDA:1,(anonymous_16)
FNDA:2,(anonymous_17)
FNDA:2,(anonymous_18)
FNDA:2,(anonymous_19)
DA:1,1
DA:2,1
DA:6,1
DA:13,1
DA:20,1
DA:22,2
DA:23,2
DA:27,2
DA:29,1
DA:30,1
DA:32,1
DA:35,0
DA:40,1
DA:44,1
DA:48,1
DA:55,1
DA:58,0
DA:59,0
DA:65,1
DA:78,1
DA:81,1
DA:86,1
DA:87,0
DA:88,0
DA:90,1
DA:96,1
DA:98,1
DA:103,1
DA:104,0
DA:105,0
DA:107,1
DA:113,1
DA:116,1
DA:121,1
DA:122,0
DA:123,0
DA:125,1
DA:131,1
DA:133,1
DA:139,1
DA:140,0
DA:141,0
DA:143,1
DA:153,1
DA:154,3
DA:156,3
DA:158,3
DA:161,1
DA:166,1
DA:167,0
DA:168,0
DA:170,1
DA:176,2
DA:182,2
DA:183,0
DA:184,0
DA:186,2
DA:193,1
DA:196,3
DA:197,3
DA:198,3
DA:199,1
DA:205,1
DA:206,0
DA:207,0
DA:209,1
DA:215,2
DA:222,2
DA:223,0
DA:224,0
DA:226,2
DA:233,1
DA:236,2
DA:237,2
DA:238,2
DA:239,2
DA:240,2
DA:241,2
DA:242,2
DA:243,2
DA:244,2
DA:245,2
DA:246,2
DA:247,2
DA:249,2
DA:267,2
DA:268,0
DA:269,0
DA:271,2
DA:276,1
LF:90
LH:69
BRDA:13,0,0,1
BRDA:13,0,1,0
BRDA:27,1,0,1
BRDA:27,1,1,1
BRDA:30,2,0,1
BRDA:30,2,1,0
BRDA:44,3,0,0
BRDA:44,3,1,1
BRDA:55,4,0,0
BRDA:55,4,1,1
BRDA:55,5,0,1
BRDA:55,5,1,1
BRDA:86,6,0,0
BRDA:86,6,1,1
BRDA:86,7,0,1
BRDA:86,7,1,1
BRDA:103,8,0,0
BRDA:103,8,1,1
BRDA:103,9,0,1
BRDA:103,9,1,1
BRDA:121,10,0,0
BRDA:121,10,1,1
BRDA:121,11,0,1
BRDA:121,11,1,1
BRDA:139,12,0,0
BRDA:139,12,1,1
BRDA:139,13,0,1
BRDA:139,13,1,1
BRDA:156,14,0,3
BRDA:156,14,1,2
BRDA:158,15,0,1
BRDA:158,15,1,2
BRDA:166,16,0,0
BRDA:166,16,1,1
BRDA:166,17,0,1
BRDA:166,17,1,1
BRDA:182,18,0,0
BRDA:182,18,1,2
BRDA:182,19,0,2
BRDA:182,19,1,2
BRDA:197,20,0,3
BRDA:197,20,1,2
BRDA:198,21,0,1
BRDA:198,21,1,2
BRDA:205,22,0,0
BRDA:205,22,1,1
BRDA:205,23,0,1
BRDA:205,23,1,1
BRDA:222,24,0,0
BRDA:222,24,1,2
BRDA:222,25,0,2
BRDA:222,25,1,2
BRDA:236,26,0,2
BRDA:236,26,1,1
BRDA:237,27,0,2
BRDA:237,27,1,2
BRDA:238,28,0,2
BRDA:238,28,1,2
BRDA:239,29,0,2
BRDA:239,29,1,2
BRDA:240,30,0,2
BRDA:240,30,1,2
BRDA:241,31,0,2
BRDA:241,31,1,2
BRDA:242,32,0,2
BRDA:242,32,1,2
BRDA:243,33,0,2
BRDA:243,33,1,1
BRDA:244,34,0,2
BRDA:244,34,1,2
BRDA:245,35,0,2
BRDA:245,35,1,1
BRDA:246,36,0,2
BRDA:246,36,1,1
BRDA:247,37,0,1
BRDA:247,37,1,1
BRDA:267,38,0,0
BRDA:267,38,1,2
BRDA:267,39,0,2
BRDA:267,39,1,2
BRF:80
BRH:67
end_of_record
TN:
SF:server.js
FN:23,(anonymous_0)
FNF:1
FNH:1
FNDA:1,(anonymous_0)
DA:1,1
DA:2,1
DA:3,1
DA:4,1
DA:6,1
DA:7,1
DA:13,1
DA:14,1
DA:15,1
DA:16,1
DA:17,1
DA:18,1
DA:19,1
DA:20,1
DA:21,1
DA:23,1
DA:24,1
DA:27,1
LF:18
LH:18
BRF:0
BRH:0
end_of_record
